This file contains any messages produced by compilers while
running configure, to aid debugging if configure makes a mistake.

It was created by src/main.cpp configure 0.1, which was
generated by GNU Autoconf 2.61.  Invocation command line was

  $ /Users/tuborg/workspace/ss_Client/configure 

## --------- ##
## Platform. ##
## --------- ##

hostname = orts-nosenko.local
uname -m = i386
uname -r = 10.4.0
uname -s = Darwin
uname -v = Darwin Kernel Version 10.4.0: Fri Apr 23 18:28:53 PDT 2010; root:xnu-1504.7.4~1/RELEASE_I386

/usr/bin/uname -p = i386
/bin/uname -X     = unknown

/bin/arch              = unknown
/usr/bin/arch -k       = unknown
/usr/convex/getsysinfo = unknown
/usr/bin/hostinfo      = Mach kernel version:
	 Darwin Kernel Version 10.4.0: Fri Apr 23 18:28:53 PDT 2010; root:xnu-1504.7.4~1/RELEASE_I386
Kernel configured for up to 2 processors.
2 processors are physically available.
2 processors are logically available.
Processor type: i486 (Intel 80486)
Processors active: 0 1
Primary memory available: 4.00 gigabytes
Default processor set: 82 tasks, 376 threads, 2 processors
Load average: 1.04, Mach factor: 1.25
/bin/machine           = unknown
/usr/bin/oslevel       = unknown
/bin/universe          = unknown

PATH: /usr/bin
PATH: /bin
PATH: /usr/sbin
PATH: /sbin


## ----------- ##
## Core tests. ##
## ----------- ##

configure:1786: checking for a BSD-compatible install
configure:1842: result: /usr/bin/install -c
configure:1853: checking whether build environment is sane
configure:1896: result: yes
configure:1924: checking for a thread-safe mkdir -p
configure:1963: result: ./install-sh -c -d
configure:1976: checking for gawk
configure:2006: result: no
configure:1976: checking for mawk
configure:2006: result: no
configure:1976: checking for nawk
configure:2006: result: no
configure:1976: checking for awk
configure:1992: found /usr/bin/awk
configure:2003: result: awk
configure:2014: checking whether make sets $(MAKE)
configure:2035: result: yes
configure:2287: checking for g++
configure:2303: found /usr/bin/g++
configure:2314: result: g++
configure:2345: checking for C++ compiler version
configure:2352: g++ --version >&5
i686-apple-darwin10-g++-4.2.1 (GCC) 4.2.1 (Apple Inc. build 5664)
Copyright (C) 2007 Free Software Foundation, Inc.
This is free software; see the source for copying conditions.  There is NO
warranty; not even for MERCHANTABILITY or FITNESS FOR A PARTICULAR PURPOSE.

configure:2355: $? = 0
configure:2362: g++ -v >&5
Using built-in specs.
Target: i686-apple-darwin10
Configured with: /var/tmp/gcc/gcc-5664~105/src/configure --disable-checking --enable-werror --prefix=/usr --mandir=/share/man --enable-languages=c,objc,c++,obj-c++ --program-transform-name=/^[cg][^.-]*$/s/$/-4.2/ --with-slibdir=/usr/lib --build=i686-apple-darwin10 --program-prefix=i686-apple-darwin10- --host=x86_64-apple-darwin10 --target=i686-apple-darwin10 --with-gxx-include-dir=/include/c++/4.2.1
Thread model: posix
gcc version 4.2.1 (Apple Inc. build 5664)
configure:2365: $? = 0
configure:2372: g++ -V >&5
g++-4.2: argument to `-V' is missing
configure:2375: $? = 1
configure:2398: checking for C++ compiler default output file name
configure:2425: g++    conftest.cpp  >&5
configure:2428: $? = 0
configure:2466: result: a.out
configure:2483: checking whether the C++ compiler works
configure:2493: ./a.out
configure:2496: $? = 0
configure:2513: result: yes
configure:2520: checking whether we are cross compiling
configure:2522: result: no
configure:2525: checking for suffix of executables
configure:2532: g++ -o conftest    conftest.cpp  >&5
configure:2535: $? = 0
configure:2559: result: 
configure:2565: checking for suffix of object files
configure:2591: g++ -c   conftest.cpp >&5
configure:2594: $? = 0
configure:2617: result: o
configure:2621: checking whether we are using the GNU C++ compiler
configure:2650: g++ -c   conftest.cpp >&5
configure:2656: $? = 0
configure:2673: result: yes
configure:2678: checking whether g++ accepts -g
configure:2708: g++ -c -g  conftest.cpp >&5
configure:2714: $? = 0
configure:2813: result: yes
configure:2847: checking for style of include used by make
configure:2875: result: GNU
configure:2900: checking dependency style of g++
configure:2991: result: gcc3
configure:3054: checking for gcc
configure:3070: found /usr/bin/gcc
configure:3081: result: gcc
configure:3319: checking for C compiler version
configure:3326: gcc --version >&5
i686-apple-darwin10-gcc-4.2.1 (GCC) 4.2.1 (Apple Inc. build 5664)
Copyright (C) 2007 Free Software Foundation, Inc.
This is free software; see the source for copying conditions.  There is NO
warranty; not even for MERCHANTABILITY or FITNESS FOR A PARTICULAR PURPOSE.

configure:3329: $? = 0
configure:3336: gcc -v >&5
Using built-in specs.
Target: i686-apple-darwin10
Configured with: /var/tmp/gcc/gcc-5664~105/src/configure --disable-checking --enable-werror --prefix=/usr --mandir=/share/man --enable-languages=c,objc,c++,obj-c++ --program-transform-name=/^[cg][^.-]*$/s/$/-4.2/ --with-slibdir=/usr/lib --build=i686-apple-darwin10 --program-prefix=i686-apple-darwin10- --host=x86_64-apple-darwin10 --target=i686-apple-darwin10 --with-gxx-include-dir=/include/c++/4.2.1
Thread model: posix
gcc version 4.2.1 (Apple Inc. build 5664)
configure:3339: $? = 0
configure:3346: gcc -V >&5
gcc-4.2: argument to `-V' is missing
configure:3349: $? = 1
configure:3352: checking whether we are using the GNU C compiler
configure:3381: gcc -c   conftest.c >&5
configure:3387: $? = 0
configure:3404: result: yes
configure:3409: checking whether gcc accepts -g
configure:3439: gcc -c -g  conftest.c >&5
configure:3445: $? = 0
configure:3544: result: yes
configure:3561: checking for gcc option to accept ISO C89
configure:3635: gcc  -c -g -O2  conftest.c >&5
configure:3641: $? = 0
configure:3664: result: none needed
configure:3684: checking dependency style of gcc
configure:3775: result: gcc3
configure:3800: checking how to run the C preprocessor
configure:3840: gcc -E  conftest.c
configure:3846: $? = 0
configure:3877: gcc -E  conftest.c
conftest.c:10:28: error: ac_nonexistent.h: No such file or directory
configure:3883: $? = 1
configure: failed program was:
| /* confdefs.h.  */
| #define PACKAGE_NAME "src/main.cpp"
| #define PACKAGE_TARNAME "src-main-cpp"
| #define PACKAGE_VERSION "0.1"
| #define PACKAGE_STRING "src/main.cpp 0.1"
| #define PACKAGE_BUGREPORT "nosenko@rec-etu.com"
| #define PACKAGE "r168"
| #define VERSION "0.1"
| /* end confdefs.h.  */
| #include <ac_nonexistent.h>
configure:3916: result: gcc -E
configure:3945: gcc -E  conftest.c
configure:3951: $? = 0
configure:3982: gcc -E  conftest.c
conftest.c:10:28: error: ac_nonexistent.h: No such file or directory
configure:3988: $? = 1
configure: failed program was:
| /* confdefs.h.  */
| #define PACKAGE_NAME "src/main.cpp"
| #define PACKAGE_TARNAME "src-main-cpp"
| #define PACKAGE_VERSION "0.1"
| #define PACKAGE_STRING "src/main.cpp 0.1"
| #define PACKAGE_BUGREPORT "nosenko@rec-etu.com"
| #define PACKAGE "r168"
| #define VERSION "0.1"
| /* end confdefs.h.  */
| #include <ac_nonexistent.h>
configure:4026: checking for grep that handles long lines and -e
configure:4100: result: /usr/bin/grep
configure:4105: checking for egrep
configure:4183: result: /usr/bin/grep -E
configure:4188: checking for ANSI C header files
configure:4218: gcc -c -g -O2  conftest.c >&5
configure:4224: $? = 0
configure:4323: gcc -o conftest -g -O2   conftest.c  >&5
configure:4326: $? = 0
configure:4332: ./conftest
configure:4335: $? = 0
configure:4352: result: yes
configure:4376: checking for sys/types.h
configure:4397: gcc -c -g -O2  conftest.c >&5
configure:4403: $? = 0
configure:4419: result: yes
configure:4376: checking for sys/stat.h
configure:4397: gcc -c -g -O2  conftest.c >&5
configure:4403: $? = 0
configure:4419: result: yes
configure:4376: checking for stdlib.h
configure:4397: gcc -c -g -O2  conftest.c >&5
configure:4403: $? = 0
configure:4419: result: yes
configure:4376: checking for string.h
configure:4397: gcc -c -g -O2  conftest.c >&5
configure:4403: $? = 0
configure:4419: result: yes
configure:4376: checking for memory.h
configure:4397: gcc -c -g -O2  conftest.c >&5
configure:4403: $? = 0
configure:4419: result: yes
configure:4376: checking for strings.h
configure:4397: gcc -c -g -O2  conftest.c >&5
configure:4403: $? = 0
configure:4419: result: yes
configure:4376: checking for inttypes.h
configure:4397: gcc -c -g -O2  conftest.c >&5
configure:4403: $? = 0
configure:4419: result: yes
configure:4376: checking for stdint.h
configure:4397: gcc -c -g -O2  conftest.c >&5
configure:4403: $? = 0
configure:4419: result: yes
configure:4376: checking for unistd.h
configure:4397: gcc -c -g -O2  conftest.c >&5
configure:4403: $? = 0
configure:4419: result: yes
configure:4452: checking arpa/inet.h usability
configure:4469: gcc -c -g -O2  conftest.c >&5
configure:4475: $? = 0
configure:4489: result: yes
configure:4493: checking arpa/inet.h presence
configure:4508: gcc -E  conftest.c
configure:4514: $? = 0
configure:4528: result: yes
configure:4561: checking for arpa/inet.h
configure:4569: result: yes
configure:4452: checking netinet/in.h usability
configure:4469: gcc -c -g -O2  conftest.c >&5
configure:4475: $? = 0
configure:4489: result: yes
configure:4493: checking netinet/in.h presence
configure:4508: gcc -E  conftest.c
configure:4514: $? = 0
configure:4528: result: yes
configure:4561: checking for netinet/in.h
configure:4569: result: yes
configure:4452: checking stddef.h usability
configure:4469: gcc -c -g -O2  conftest.c >&5
configure:4475: $? = 0
configure:4489: result: yes
configure:4493: checking stddef.h presence
configure:4508: gcc -E  conftest.c
configure:4514: $? = 0
configure:4528: result: yes
configure:4561: checking for stddef.h
configure:4569: result: yes
configure:4442: checking for stdlib.h
configure:4448: result: yes
configure:4442: checking for string.h
configure:4448: result: yes
configure:4452: checking sys/socket.h usability
configure:4469: gcc -c -g -O2  conftest.c >&5
configure:4475: $? = 0
configure:4489: result: yes
configure:4493: checking sys/socket.h presence
configure:4508: gcc -E  conftest.c
configure:4514: $? = 0
configure:4528: result: yes
configure:4561: checking for sys/socket.h
configure:4569: result: yes
configure:4442: checking for unistd.h
configure:4448: result: yes
configure:4584: checking for stdbool.h that conforms to C99
configure:4677: gcc -c -g -O2  conftest.c >&5
configure:4683: $? = 0
configure:4698: result: yes
configure:4700: checking for _Bool
configure:4730: gcc -c -g -O2  conftest.c >&5
configure:4736: $? = 0
configure:4751: result: yes
configure:4770: checking for size_t
configure:4800: gcc -c -g -O2  conftest.c >&5
configure:4806: $? = 0
configure:4821: result: yes
configure:4833: checking for ssize_t
configure:4863: gcc -c -g -O2  conftest.c >&5
configure:4869: $? = 0
configure:4884: result: yes
configure:4903: checking for stdlib.h
configure:4909: result: yes
configure:5043: checking for GNU libc compatible malloc
configure:5077: gcc -o conftest -g -O2   conftest.c  >&5
configure:5080: $? = 0
configure:5086: ./conftest
configure:5089: $? = 0
configure:5105: result: yes
configure:5138: checking for stdlib.h
configure:5144: result: yes
configure:5278: checking for GNU libc compatible realloc
configure:5312: gcc -o conftest -g -O2   conftest.c  >&5
configure:5315: $? = 0
configure:5321: ./conftest
configure:5324: $? = 0
configure:5340: result: yes
configure:5372: checking for socket
configure:5428: gcc -o conftest -g -O2   conftest.c  >&5
configure:5434: $? = 0
configure:5452: result: yes
configure:5477: checking for a BSD-compatible install
configure:5533: result: /usr/bin/install -c
configure:5668: creating ./config.status

## ---------------------- ##
## Running config.status. ##
## ---------------------- ##

This file was extended by src/main.cpp config.status 0.1, which was
generated by GNU Autoconf 2.61.  Invocation command line was

  CONFIG_FILES    = 
  CONFIG_HEADERS  = 
  CONFIG_LINKS    = 
  CONFIG_COMMANDS = 
  $ ./config.status 

on orts-nosenko.local

config.status:642: creating Makefile
config.status:642: creating src/Makefile
config.status:642: creating src/auto_config.h
config.status:928: executing depfiles commands

## ---------------- ##
## Cache variables. ##
## ---------------- ##

ac_cv_c_compiler_gnu=yes
ac_cv_cxx_compiler_gnu=yes
ac_cv_env_CCC_set=
ac_cv_env_CCC_value=
ac_cv_env_CC_set=
ac_cv_env_CC_value=
ac_cv_env_CFLAGS_set=
ac_cv_env_CFLAGS_value=
ac_cv_env_CPPFLAGS_set=
ac_cv_env_CPPFLAGS_value=
ac_cv_env_CPP_set=
ac_cv_env_CPP_value=
ac_cv_env_CXXFLAGS_set=
ac_cv_env_CXXFLAGS_value=
ac_cv_env_CXX_set=
ac_cv_env_CXX_value=
ac_cv_env_LDFLAGS_set=
ac_cv_env_LDFLAGS_value=
ac_cv_env_LIBS_set=
ac_cv_env_LIBS_value=
ac_cv_env_build_alias_set=
ac_cv_env_build_alias_value=
ac_cv_env_host_alias_set=
ac_cv_env_host_alias_value=
ac_cv_env_target_alias_set=
ac_cv_env_target_alias_value=
ac_cv_func_malloc_0_nonnull=yes
ac_cv_func_realloc_0_nonnull=yes
ac_cv_func_socket=yes
ac_cv_header_arpa_inet_h=yes
ac_cv_header_inttypes_h=yes
ac_cv_header_memory_h=yes
ac_cv_header_netinet_in_h=yes
ac_cv_header_stdbool_h=yes
ac_cv_header_stdc=yes
ac_cv_header_stddef_h=yes
ac_cv_header_stdint_h=yes
ac_cv_header_stdlib_h=yes
ac_cv_header_string_h=yes
ac_cv_header_strings_h=yes
ac_cv_header_sys_socket_h=yes
ac_cv_header_sys_stat_h=yes
ac_cv_header_sys_types_h=yes
ac_cv_header_unistd_h=yes
ac_cv_objext=o
ac_cv_path_EGREP='/usr/bin/grep -E'
ac_cv_path_GREP=/usr/bin/grep
ac_cv_path_install='/usr/bin/install -c'
ac_cv_prog_AWK=awk
ac_cv_prog_CPP='gcc -E'
ac_cv_prog_ac_ct_CC=gcc
ac_cv_prog_ac_ct_CXX=g++
ac_cv_prog_cc_c89=
ac_cv_prog_cc_g=yes
ac_cv_prog_cxx_g=yes
ac_cv_prog_make_make_set=yes
ac_cv_type__Bool=yes
ac_cv_type_size_t=yes
ac_cv_type_ssize_t=yes
am_cv_CC_dependencies_compiler_type=gcc3
am_cv_CXX_dependencies_compiler_type=gcc3

## ----------------- ##
## Output variables. ##
## ----------------- ##

ACLOCAL='${SHELL} /Users/tuborg/workspace/ss_Client/missing --run aclocal-1.10'
AMDEPBACKSLASH='\'
AMDEP_FALSE='#'
AMDEP_TRUE=''
AMTAR='${SHELL} /Users/tuborg/workspace/ss_Client/missing --run tar'
AUTOCONF='${SHELL} /Users/tuborg/workspace/ss_Client/missing --run autoconf'
AUTOHEADER='${SHELL} /Users/tuborg/workspace/ss_Client/missing --run autoheader'
AUTOMAKE='${SHELL} /Users/tuborg/workspace/ss_Client/missing --run automake-1.10'
AWK='awk'
CC='gcc'
CCDEPMODE='depmode=gcc3'
CFLAGS='-g -O2'
CPP='gcc -E'
CPPFLAGS=''
CXX='g++'
CXXDEPMODE='depmode=gcc3'
CXXFLAGS='-g -O2'
CYGPATH_W='echo'
DEFS='-DHAVE_CONFIG_H'
DEPDIR='.deps'
ECHO_C='ECHO_N=''
ECHO_T=''
EGREP='/usr/bin/grep -E'
EXEEXT=''
GREP='/usr/bin/grep'
INSTALL_DATA='${INSTALL} -m 644'
INSTALL_PROGRAM='${INSTALL}'
INSTALL_SCRIPT='${INSTALL}'
INSTALL_STRIP_PROGRAM='$(install_sh) -c -s'
LDFLAGS=''
LIBOBJS=''
LIBS=''
LTLIBOBJS=''
MAKEINFO='${SHELL} /Users/tuborg/workspace/ss_Client/missing --run makeinfo'
OBJEXT='o'
PACKAGE='r168'
PACKAGE_BUGREPORT='nosenko@rec-etu.com'
PACKAGE_NAME='src/main.cpp'
PACKAGE_STRING='src/main.cpp 0.1'
PACKAGE_TARNAME='src-main-cpp'
PACKAGE_VERSION='0.1'
PATH_SEPARATOR=':'
SET_MAKE=''
SHELL='/bin/sh'
STRIP=''
VERSION='0.1'
ac_ct_CC='gcc'
ac_ct_CXX='g++'
am__fastdepCC_FALSE='#'
am__fastdepCC_TRUE=''
am__fastdepCXX_FALSE='#'
am__fastdepCXX_TRUE=''
am__include='include'
am__isrc=''
am__leading_dot='.'
am__quote=''
am__tar='${AMTAR} chof - "$$tardir"'
am__untar='${AMTAR} xf -'
bindir='${exec_prefix}/bin'
build_alias=''
datadir='${datarootdir}'
datarootdir='${prefix}/share'
docdir='${datarootdir}/doc/${PACKAGE_TARNAME}'
dvidir='${docdir}'
exec_prefix='${prefix}'
host_alias=''
htmldir='${docdir}'
includedir='${prefix}/include'
infodir='${datarootdir}/info'
install_sh='$(SHELL) /Users/tuborg/workspace/ss_Client/install-sh'
libdir='${exec_prefix}/lib'
libexecdir='${exec_prefix}/libexec'
localedir='${datarootdir}/locale'
localstatedir='${prefix}/var'
mandir='${datarootdir}/man'
mkdir_p='$(top_builddir)/./install-sh -c -d'
oldincludedir='/usr/include'
pdfdir='${docdir}'
prefix='/usr/local'
program_transform_name='s,x,x,'
psdir='${docdir}'
sbindir='${exec_prefix}/sbin'
sharedstatedir='${prefix}/com'
sysconfdir='${prefix}/etc'
target_alias=''

## ----------- ##
## confdefs.h. ##
## ----------- ##

#define PACKAGE_NAME "src/main.cpp"
#define PACKAGE_TARNAME "src-main-cpp"
#define PACKAGE_VERSION "0.1"
#define PACKAGE_STRING "src/main.cpp 0.1"
#define PACKAGE_BUGREPORT "nosenko@rec-etu.com"
#define PACKAGE "r168"
#define VERSION "0.1"
#define STDC_HEADERS 1
#define HAVE_SYS_TYPES_H 1
#define HAVE_SYS_STAT_H 1
#define HAVE_STDLIB_H 1
#define HAVE_STRING_H 1
#define HAVE_MEMORY_H 1
#define HAVE_STRINGS_H 1
#define HAVE_INTTYPES_H 1
#define HAVE_STDINT_H 1
#define HAVE_UNISTD_H 1
#define HAVE_ARPA_INET_H 1
#define HAVE_NETINET_IN_H 1
#define HAVE_STDDEF_H 1
#define HAVE_STDLIB_H 1
#define HAVE_STRING_H 1
#define HAVE_SYS_SOCKET_H 1
#define HAVE_UNISTD_H 1
#define HAVE__BOOL 1
#define HAVE_STDBOOL_H 1
#define HAVE_STDLIB_H 1
#define HAVE_MALLOC 1
#define HAVE_STDLIB_H 1
#define HAVE_REALLOC 1
#define HAVE_SOCKET 1

configure: exit 0
